[    0.00000] nitalin cgrupubsyscpet
[  0000000Intialiin cgrup subsys cpu
   0.00000]Inialingcgroupsuys cpucc
[    0.000] Linuxveion 4..05-geer (buiddcy014)(gcc veron5.4. 260609 Ubnt 5.40-ubntu16.4.4)) 6-UbtuSMP u pr 20095:15 UC 017 (buntu 4.4.0-75.96-genri4..59)[    0.000000] KERNEL supporte cs:
   00000] Inte GuineInel
[   000000]   AMD AutenicAMD
  0.0000]  NSC Gdeby NC[   0.000]  yr CyriInea
[   00000] CenturCetarHul
[    .00000]  Trnset GuineTMx
    .0000]  rasmet TrametaCU[    00000]   MCMC UC C
[  00000] 6/fp xtae_fst[2]  6,xstatsies[2  6
[  000000]86fpu: Supporin XSAE ature0x01 'x8 floating pinregites'
[   0.000 x86pu Suprtng XSAE atur0x2: 'SSErestrs'
[  0000000 x/fpu Spoti XAVE fetu 0x0: VX regtes'
[    0.000] x86/puEnbld tat feaur 0x7, cotet size is 8 btes, usin'sandard frmt.
[   .00000]x86/fp Usi 'azy' FU context switches.
[   0.00000 e20: BIOS-provided physalRA map:[   0.000] BIOSe80:[mem x000000000000-0000000009ff usable[   0.0000] BIO-e0: [mem 0x0000000009c00-0x000000009ffff] rseve
[   00000] OS-e82: mem 0x0000000f00-0000000000ffff] rervd
[   0.0000]BIS-82: [mem0x00000001000-0000000ffff] uab
[    00000 BS-e820: [em 0000000003fff0000-0x0000003fffff] AI dat
    0.0000] BIOS-82: [mm x000000fffc00-0x000000ffffff] resrvd
[   .00000] NX (xecuteDisble) protetion: actve
[    0.0000] SMBIO 25 preen.
[  .000000]Hyerisr teted: KM[   000000 e0: lstfn =0xfff0 ma_arc_pfn =0x00000
[    0.000000] MTRR: Disabled
[    0.000000] x86/PAT: MTRRs disabled, skipping PAT initialization too.
[    0.000000] x86/PAT: Configaton 0-: WB T UC UC B  WT UC-   
[  00000 CU TR allblk - iralzed ysm.
  0.0000] und MPP-talet mem 0x009ff0-0x009fff]mappe a[c009fff0]
[    00000] Scanning1 reas orlo memory couption
[    0.0000 RMDK:[mem x35e000x71a6ff
[   00000] ACPI Erly tblchecksum verificatin sabld[    0.000000] CP RSD 000000000E000 000024 (v02 VOX)
[   .00000]AC: XSDT x00000003FFF003 0003C (v01 VBOX   VBOXXSDT 00000001 ASL  00000061)
[    0.000000 API FACP 0x000003FFF0F0000F(v4 VBOX VOXCP00000001SL 00000)
[  0.0000] CP: SDT 00000003FF00 00218 01 VBOX VOXBIS 000002NT 20105)
[    .000] ACPI: AC0x00000003FF020 00004
    0.00000] ACPI:FACS x0000003F0200 00040[    0.000] AC: PIC0x000003FFF0240 0005(v02 VBO  BOAPIC 0000001 SL 000061)
  0.0000]CP: SST x0000000FF2A0 00CC(v1 VBOX  VBXCUT 000002NT 2010028
[    0.0000]131MHIHMEM ailbl.[  0.000] 91B WMEMvalable.
[   .00000]   mapped low ram 0- 37bf00
[   000000] lw ram 0- 7be00
[   0.00000]vm-clock: Using msrs 4b564d01 and 4b564d00
[   0.0000 k-coc: u , msr 07bfd00, rimary cp clock
[    0.000000] kvm-clock: using sched offset of 3868718186 cycles
[    0.000000] clocksource: kvm-clock: mask: 0xfffffffffffffff m_cyces0xcd424db, mx_le_n: 1590143 ns
  0.0000 Zne rge:[  0.00000  DMA      me0x000000000001000x000000000fffff][   .0000]   Nrm   [em0x000000000000-0x000000037bfdfff]
[    0.000000]  HighMem  [mem 0x0000000037bfe0000x00000003ffeffff]
[    0.0000] ovalezo startfo ech ne
[  000000 Erly memory odrangs[   000000]   nde 0: me0x0000000001000x000000009fff][   00000]  ne   : em 0x0000000000100000-0x000000003ffeff]
[    0.00000]Intmemetp node  [m 0x000000000100-0000003feff]
[  .00000] Using APIC drivver defaut
[   0.0000]AC: PM-me I Port0x008
[  0000000]IOIC[0: ic_id , rsio 1 addre 0fec000 GSI 023
[    0.00000] ACPI: NTSR_OVR (s  bus_iq globair 2 dl l)
[   0.00000] ACPI: NTRC_OVR (us bus_iq global_irq 9ig lvel)
   0000000] Using PI(MDT) r MPcoigratin nfrmio
  0.00000]smoo: Allowing 2 CPUs, 0 hotplug CPUs
[    0.00000] : Regsteed noave memry: [me 0000000-000000ff]
[   000000] PM Riserednove memoy:[mm 0x00900-0x09fff]
[   00000] : Restre nosvemeory: [emx000a0000x00efff][   0.000] PM: egtere nave mor: [mem 0x000f00-0x000ffff]
   0000000 e0:[mm 4000000xffbfff] valablfoPCI devies
[  000000]ooing paavtualzekenel  KM
[   .00000] losour: efnejiffies mk: 0ffffff axycles: xffffff, max_iles: 7651002115 n
[    00000] stu_prcpu NCPUS n_cpma_bits:8r_puid2 nrnoe_id:1
[    00000] PCPU: Embeded9 paespu @f70000 s4736r0 d03 u77824
[    0.000000] PV qspinlock hash tableenries: 512 ordr: 0, 496byes)
[    0.00000] ilt 1 zonest in Ze rder,oblitygrping on.  Ttapage: 9800
[   000000] Kene command line: BOOT_IMAGE=/boot/vmlinuz-4.4.0-75-generic root=UUID=51c5cf2e-3afd-4d38-a695-6d0b43535 ro onle=tty csole=yS0
[   0.0000]PIhash tblentres406 (de: 2, 16384 btes)[    0.0000] entry ccheash tblentrie 11072 (rd: 7, 5228bytes)[    0.0000] Ide-cche hah ble ntie: 656 order 6 26244 byes
[    0.000]Initliing CU#
[    0.000] IntilizinHighMem ornode 0 (0037fe:0003fff0)
[   0.000000] Iitializin Mvable for node 0 (00000000:00000000
[   0.0000] Memory 10840K104810Kavailable 7928K kerne cde, 770Krwata, 3164 rdata, 40 init 80K bss, 378K reserd, 0 cmareservd,35112 hhmem
   0.0000]virtua kne memo lyout:
  0.000000]     fxm  : 0xfff15000 - 0xfffff000   ( 6 B)  0.00000]   pma  : 0xfc000 -xfe00000  208 kB)
[  .000000]   mallo: xf83fe0  0ffe00    10 MB
   0.000]    owem  : 0xc0000 -xfbfe00 ( 89 M
[    00000]     ni : 0c19000 -0xc8400  940 B)[    0000000]     .data : 0xc17be50b  01b97b40  (94 kB)[  0000000]    .text : 0x10000 0x7be50  929 )
[  0.0000] eckin ifhis processorhonrs the P t evn  speisr mod..k.
  0.0000 SLU: Waig=64,Orr=0-, nObjes=, CPU2,Nodes1    00000] Herchcal U mplementation.
[    0.000000] 	Build-time adjustment of leaf fanout to 32.
[    0.000000] 	RCU restricting CPUs from NR_CPUS=8 to nr_cpu_ids=2.
[    0.000000] RCU: Adjusting geometry orrc_fanou_laf=32, ncp_ids=2
[    .0000] NR_RQS:204nrirqs:40 
[   00000]onole: cou VGA805
[  0000000] console [tty1 ebld
[  0000000 cnsle [ty] enle

[    0.0000] llocte104857 btes of page_ext
[    0.000000] tsc: Detected 1995.381 MHz processor
[   30.253742] Calibrating delay loop (skipped) preset value.. 3990.76 BogoMIPS (lpj=7981524)
[   30.377560] pid_max: default: 32768 minimum: 301
[   30.429653] ACPI: Core revision 20150930
[   30.474771] ACPI: 2 ACPI AML tables successfully acquired and loaded
[   30.551177] Security Framework initialized
[   30.598504] Yama: becoming mindful.
[   30.599280] AppArmor: AppArmor initialized
[   30.600218] Mount-cache hash table entries: 2048 (order: 1, 8192 bytes)
[   30.667773] Mountpoint-cache hash table entries: 2048 (order: 1, 8192 bytes)
[   30.730260] Initializing cgroup subsys io
[   30.777209] Initializing cgroup subsys memory
[   30.778132] Initializing cgroup subsys devices
[   30.779101] Initializing cgroup subsys freezer
[   30.780035] Initializing cgroup subsys net_cls
[   30.841339] Initializing cgroup subsys perf_event
[   30.923780] Initializing cgroup subsys net_prio
[   30.989962] Initializing cgroup subsys hugetlb
[   31.073577] Initializing cgroup subsys pids
[   31.146835] CPU: Physical Processor ID: 0
[   31.202334] CPU: Processor Core ID: 0
[   31.272789] mce: CPU supports 0 MCE banks
[   31.291828] Last level iTLB entries: 4KB 1024, 2MB 1024, 4MB 1024
[   31.309796] Last level dTLB entries: 4KB 1024, 2MB 1024, 4MB 1024, 1GB 4
[   31.377190] Freeing SMP alternatives memory: 28K (c1c84000 - c1c8b000)
[   31.501953] ftrace: allocating 31398 entries in 62 pages
[   31.561179] smpboot: APIC(0) Converting physical 0 to logical package 0
[   31.598214] smpboot: Max logical packages: 1
[   31.670150] Enabling APIC mode:  Flat.  Using 1 I/O APICs
[   31.695887] ..TIMER: vector=0x30 apic1=0 pin1=2 apic2=-1 pin2=-1
[   31.905407] smpboot: CPU0: Intel(R) Core(TM) i7-4750HQ CPU @ 2.00GHz (family: 0x6, model: 0x46, stepping: 0x1)
[   32.085343] Performance Events: unsupported p6 CPU model 70 no PMU driver, software events only.
[   32.251763] KVM setup paravirtual spinlock
[   32.316572] x86: Booting SMP configuration:
[   32.383426] .... node  #0, CPUs:      #1
[1266874885.840833] Initializing CPU#1
[   32.412577] kvm-clock: cpu 1, msr 0:37bfd041, secondary cpu clock
[   32.415188] mce: CPU supports 0 MCE banks
[   32.420610] x86: Booted up 1 node, 2 CPUs
[   32.490408] smpboot: Total of 2 processors activated (7981.52 BogoMIPS)
[   32.596865] devtmpfs: initialized
[   32.625524] evm: security.selinux
[   32.642421] evm: security.SMACK64
[   32.659894] evm: security.SMACK64EXEC
[   32.683724] evm: security.SMACK64TRANSMUTE
[   32.704363] evm: security.SMACK64MMAP
[   32.717092] evm: security.ima
[   32.724833] evm: security.capability
[   32.744809] clocksource: jiffies: mask: 0xffffffff max_cycles: 0xffffffff, max_idle_ns: 7645041785100000 ns
[   32.856165] futex hash table entries: 512 (order: 3, 32768 bytes)
[   32.914269] pinctrl core: initialized pinctrl subsystem
[   32.975166] RTC time:  3:58:11, date: 05/09/17
[   33.024649] NET: Registered protocol family 16
[   33.066559] EISA bus registered
[   33.126058] cpuidle: using governor ladder
[   33.201440] cpuidle: using governor menu
[   33.224065] PCCT header not found.
[   33.242484] ACPI: bus type PCI registered
[   33.317798] acpiphp: ACPI Hot Plug PCI Controller Driver version: 0.5
[   33.421677] PCI : PCI BIOS area is rw and x. Use pci=nobios if you want it NX.
[   33.510990] PCI: PCI BIOS revision 2.10 entry at 0xfda26, last bus=0
[   33.544618] PCI: Using configuration type 1 for base access
[   33.600409] ACPI: Added _OSI(Module Device)
[   33.642618] ACPI: Added _OSI(Processor Device)
[   33.700832] ACPI: Added _OSI(3.0 _SCP Extensions)
[   33.728597] ACPI: Added _OSI(Processor Aggregator Device)
[   33.730448] ACPI: Executed 1 blocks of module-level executable AML code
[   33.761588] ACPI: Interpreter enabled
[   33.782911] ACPI: (supports S0 S5)
[   33.797595] ACPI: Using IOAPIC for interrupt routing
[   33.806398] PCI: Using host bridge windows from ACPI; if necessary, use "pci=nocrs" and report a bug
[   33.864311] ACPI: PCI Root Bridge [PCI0] (domain 0000 [bus 00-ff])
[   33.879524] acpi PNP0A03:00: _OSC: OS supports [ASPM ClockPM Segments MSI]
[   33.939175] acpi PNP0A03:00: _OSC failed (AE_NOT_FOUND); disabling ASPM
[   33.944591] acpi PNP0A03:00: fail to add MMCONFIG information, can't access extended PCI configuration space under this bridge.
[   34.059644] PCI host bridge to bus 0000:00
[   34.101889] pci_bus 0000:00: root bus resource [io  0x0000-0x0cf7 window]
[   34.199254] pci_bus 0000:00: root bus resource [io  0x0d00-0xffff window]
[   34.274398] pci_bus 0000:00: root bus resource [mem 0x000a0000-0x000bffff window]
[   34.342931] pci_bus 0000:00: root bus resource [mem 0x40000000-0xffdfffff window]
[   34.431974] pci_bus 0000:00: root bus resource [bus 00-ff]
[   34.453254] pci 0000:00:01.1: legacy IDE quirk: reg 0x10: [io  0x01f0-0x01f7]
[   34.495430] pci 0000:00:01.1: legacy IDE quirk: reg 0x14: [io  0x03f6]
[   34.523352] pci 0000:00:01.1: legacy IDE quirk: reg 0x18: [io  0x0170-0x0177]
[   34.559517] pci 0000:00:01.1: legacy IDE quirk: reg 0x1c: [io  0x0376]
[   34.678589] ACPI: PCI Interrupt Link [LNKA] (IRQs 5 9 10 11) *0, disabled.
[   34.786098] ACPI: PCI Interrupt Link [LNKB] (IRQs 5 9 10 *11)
[   34.811554] ACPI: PCI Interrupt Link [LNKC] (IRQs 5 9 *10 11)
[   34.880729] ACPI: PCI Interrupt Link [LNKD] (IRQs 5 *9 10 11)
[   34.895417] ACPI: Enabled 2 GPEs in block 00 to 07
[   34.904602] vgaarb: setting as boot device: PCI:0000:00:02.0
[   34.922114] vgaarb: device added: PCI:0000:00:02.0,decodes=io+mem,owns=io+mem,locks=none
[   34.964227] vgaarb: loaded
[   34.976402] vgaarb: bridge control possible 0000:00:02.0
[   35.014505] SCSI subsystem initialized
[   35.028652] ACPI: bus type USB registered
[   35.063228] usbcore: registered new interface driver usbfs
[   35.083064] usbcore: registered new interface driver hub
[   35.084552] usbcore: registered new device driver usb
[   35.134007] PCI: Using ACPI for IRQ routing
[   35.169403] NetLabel: Initializing
[   35.229827] NetLabel:  domain hash size = 128
[   35.291931] NetLabel:  protocols = UNLABELED CIPSOv4
[   35.381911] NetLabel:  unlabeled traffic allowed by default
[   35.430668] amd_nb: Cannot enumerate AMD northbridges
[   35.431685] clocksource: Switched to clocksource kvm-clock
[   5.01] pAor AArr lest Ebl
[   36.047224] pnp: PnP ACPI init
[ 36.06369]npPnAC: un3 vis  6.49] PBOS DsaedbyCPPNP
[   3146923 clckoue:cppmma: ffffaxycs:xfff m_ie_: 857014 s  8.27333 N: egted otolamy 

[   38.095]CPstlihed hsh tblenries 82 rd:  3278 bte)
[   3.536 TP ndastale enie 82 rder4,55 bes
[  0.11] P:Hah tbls nfur (taisd 92bi 892)  1.486]DPastae tres51(oder 2, 16384byes
[ 41452]DPLite hah taleenies: 512 (order: 2, 16384 bytes)
[  4.2584] ET: Regitered potoolfamly 1
[   42.6421 p 0000:0000: Limitng dirct PCI/PI transers
[  43.008912] pci 0000:00:0.0: Activating ISA DMA hang workouds[ 43180] Unpacking initramfs...
[   43.784017] Freeing initrd memory: 14628K (f635e000 - f71a7000)
[   43.816819] platform rtc_cmos: registered platform RTC device (no PNP device found)
[   43.822525] Scanning for low memory corruption every 60 seconds
[   43.845972] audit: initializing netlink subsys (disabled)
[   43.864435] audit: type=2000 audit(1494302272.941:1): initialized
[   43.877934] Initialise system trusted keyring
[   43.885724] HugeTLB registered 2 MB page size, pre-allocated 0 pages
[   43.900095] zbud: loaded
[   43.907131] VFS: Disk quotas dquot_6.6.0
[   43.916994] VFS: Dquot-cache hash table entries: 1024 (order 0, 4096 bytes)
[   43.928712] squashfs: version 4.0 (2009/01/31) Phillip Lougher
[   43.950041] fuse init (API version 7.23)
[   43.963070] Key type big_key registered
[   43.971603] Allocating IMA MOK and blacklist keyrings.
[   43.981053] Key type asymmetric registered
[   43.994047] Asymmetric key parser 'x509' registered
[   44.012103] bounce: pool size: 64 pages
[   44.025933] Block layer SCSI generic (bsg) driver version 0.4 loaded (major 249)
[   44.051524] io scheduler noop registered
[   44.060476] io scheduler deadline registered (default)
[   44.070913] io scheduler cfq registered
[   44.083293] pci_hotplug: PCI Hot Plug PCI Core version: 0.5
[   44.102375] pciehp: PCI Express Hot Plug Controller Driver version: 0.4
[   44.123946] ACPI: AC Adapter [AC] (off-line)
[   44.141937] input: Power Button as /devices/LNXSYSTM:00/LNXPWRBN:00/input/input0
[   44.160148] ACPI: Power Button [PWRF]
[   44.164916] input: Sleep Button as /devices/LNXSYSTM:00/LNXSLPBN:00/input/input1
[   44.175270] ACPI: Sleep Button [SLPF]
[   44.215815] GHES: HSTis notenbld!
[  4421622 APIBatey Slot [BAT0] (batey resent)
[   44.815867]tsc RfiedSClosorce cliaton19.9 MHz

[  44150]losoce tsc: mask: xfffffffffffff max_cycles: 0x397b7428f83, max_idle_ns: 881590590913 ns
[   45.932248] isapnp: Scanning for PnP cards...
[   46.069135] Serial: 8250/16550 driver, 32 ports, IRQ sharing enabled
ÿ[   46.210520] 00:02: ttyS0 at I/O 0x3f8 (irq = 4, base_baud = 115200) is a 16550A
[   46.345117] Linux agpgart interface v0.103
[   46.367470] loop: module loaded
[   46.394633] scsi host0: ata_piix
[   46.423044] isapnp: No Plug & Play device found
[   46.472768] scsi host1: ata_piix
[   6.056]ta: PATAmaUDA/33 mdx1 c 0f6bmdma0xd00ir14[ 47680]ta PA ax UDA/3 md 0x70ct0x76mda  0x00ir15

[   48.3048 lph FedDI B: ob
[   .535 tun:Universl TUN/APevicdrver, .6[ 4882129]tu ( 19-00MaKrnysk<mk@alcommom

[   49.801167] PP gneicdrererio2.4.
[   50.148550] ehci_hcd: USB 2.0 'Enhanced' Host Controller (EHCI) Driver
[   50.248712] ehci-pci: EHCI PCI platform driver
[   50.254241] ehci-platform: EHCI generic platform driver
[   50.272779] ohci_hcd: USB 1.1 'Open' Host Controller (OHCI) Driver
[   50.344684] ohci-pci: OHCI PCI platform driver
[   50.430053] ohci-platform: OHCI generic platform driver
[   50.5583]hchc: USB nirsl HostCoroerntface diver
[   51.123612] i8042: PN: S/ Controller PNP303PSK,NPf0:PS2M] a 00,0x4 rq1,2
[   51.698732] serio: i8042 KBD port at 0x60,0x64 irq 1
[   51.73679] seio: i8042AU por a 0600x64 irq 12

[   52.04600 mousedev: P/2 musdeiccoonorllic

[   52.553289] input: AT Translated Set 2 keyboard as /devices/platform/i8042/serio0/input/input2
[   52.720959] rtc_cmos rtc_cmos: rtc core: registered rtc_cmos as rtc0
[   52.807193] rtc_cmos rtc_cmos: alarms up to one day, 114 bytes nvram
[   52.924549] i2c /dev entries driver
[   52.956416] device-mapper: uevent: version 1.0.3
[   52.957589] device-mapper: ioctl: 4.34.0-ioctl (2015-10-28) initialised: dm-devel@redhat.com
[   52.985949] platform eisa.0: Probing EISA bus 0
[   53.028823] platform eisa.0: EISA: Cannot allocate resource for mainboard
[   53.138414] platform eisa.0: Cannot allocate resource for EISA slot 1
[   53.178927] platform eisa.0: Cannot allocate resource for EISA slot 2
[   53.205172] platform eisa.0: Cannot allocate resource for EISA slot 3
[   53.231314] platform eisa.0: Cannot allocate resource for EISA slot 4
[   53.253379] platform eisa.0: Cannot allocate resource for EISA slot 5
[   53.284335] platform eisa.0: Cannot allocate resource for EISA slot 6
[   53.301520] platform eisa.0: Cannot allocate resource for EISA slot 7
[   53.302697] platform eisa.0: Cannot allocate resource for EISA slot 8
[   53.314117] platform eisa.0: EISA: Detected 0 cards
[   53.384429] cpufreq-nforce2: No nForce2 chipset.
[   53.471117] ledtrig-cpu: registered to indicate activity on CPUs
[   53.545300] NET: Registered protocol family 10
[   53.563520] NET: Registered protocol family 17
[   53.576520] Key type dns_resolver registered
[   53.625795] microcode: CPU0 sig=0x40661, pf=0x40, revision=0x0
[   53.636494] microcode: CPU1 sig=0x40661, pf=0x40, revision=0x0
[   53.768344] microcode: Microcode Update Driver: v2.01 <tigran@aivazian.fsnet.co.uk>, Peter Oruba
[   53.864861] Using IPI No-Shortcut mode
[   53.902340] registered taskstats version 1
[   53.932119] Loading compiled-in X.509 certificates
[   53.935254] Loaded X.509 cert 'Build time autogenerated kernel key: 07b96e98effcf92e436e5474864c4a8d42920bdd'
[   54.042050] zswap: loaded using pool lzo/zbud
[   54.069483] Key type trusted registered
[   54.113961] Key type encrypted registered
[   54.158499] AppArmor: AppArmor sha1 policy hashing enabled
[   54.264241] ima: No TPM chip found, activating TPM-bypass!
[   54.337131] evm: HMAC attrs: 0x1
[   54.348576]   Magic number: 1:427:967
[   54.361385] rtc_cmos rtc_cmos: setting system clock to 2017-05-09 03:58:33 UTC (1494302313)
[   54.393831] BIOS EDD facility v0.16 2004-Jun-25, 0 devices found
[   54.481867] EDD information not available.
[   54.532204] Freeing unused kernel memory: 940K (c1b99000 - c1c84000)
[   54.547517] Write protecting the kernel text: 7932k
[   54.564367] Write protecting the kernel read-only data: 3168k
[   54.577666] NX-protecting the kernel data: 6404k
Loading, please wait...
starting version[   54.605115] random: systemd-udevd: uninitialized urandom read (16 bytes read, 2 bits of entropy available)
 229
[   54.605845] random: udevadm: uninitialized urandom read (16 bytes read, 2 bits of entropy available)
[   54.605908] random: udevadm: uninitialized urandom read (16 bytes read, 2 bits of entropy available)
[   54.606146] random: udevadm: uninitialized urandom read (16 bytes read, 2 bits of entropy available)
[   54.606232] random: udevadm: uninitialized urandom read (16 bytes read, 2 bits of entropy available)
[   54.606302] random: udevadm: uninitialized urandom read (16 bytes read, 2 bits of entropy available)
[   54.606407] random: udevadm: uninitialized urandom read (16 bytes read, 2 bits of entropy available)
[   54.606490] random: udevadm: uninitialized urandom read (16 bytes read, 2 bits of entropy available)
[   54.606556] random: udevadm: uninitialized urandom read (16 bytes read, 2 bits of entropy available)
[   54.606633] random: udevadm: uninitialized urandom read (16 bytes read, 2 bits of entropy available)
[   54.954637] Fusion MPT base driver 3.04.20
[   54.984498] Copyright (c) 1999-2008 LSI Corporation
[   55.023028] e1000: Intel(R) PRO/1000 Network Driver - version 7.3.21-k8-NAPI
[   55.064704] e1000: Copyright (c) 1999-2006 Intel Corporation.
[   55.142500] input: ImExPS/2 Generic Explorer Mouse as /devices/platform/i8042/serio1/input/input4
[   55.196368] Fusion MPT SPI Host driver 3.04.20
[   55.720287] e1000 0000:00:03.0 eth0: (PCI:33MHz:32-bit) 02:ba:9d:25:04:86
[   55.805886] e1000 0000:00:03.0 eth0: Intel(R) PRO/1000 Network Connection
[   55.850374] e1000 0000:00:03.0 enp0s3: renamed from eth0
[   56.008745] mptbase: ioc0: Initiating bringup
[   56.228116] ioc0: LSI53C1030 A0: Capabilities={Initiator}
[   56.534058] scsi host2: ioc0: LSI53C1030 A0, FwRev=00000000h, Ports=1, MaxQ=256, IRQ=20
[   56.708538] scsi 2:0:0:0: Direct-Access     VBOX     HARDDISK         1.0  PQ: 0 ANSI: 5
[   56.848554] scsi target2:0:0: Beginning Domain Validation
[   56.895523] scsi target2:0:0: Domain Validation skipping write tests
[   56.932405] scsi target2:0:0: Ending Domain Validation
[   56.933941] scsi target2:0:0: asynchronous
[   57.019250] scsi 2:0:1:0: Direct-Access     VBOX     HARDDISK         1.0  PQ: 0 ANSI: 5
[   57.062745] scsi target2:0:1: Beginning Domain Validation
[   57.088881] scsi target2:0:1: Domain Validation skipping write tests
[   57.212096] scsi target2:0:1: Ending Domain Validation
[   57.304287] scsi target2:0:1: asynchronous
[   57.328046] sd 2:0:0:0: [sda] 20971520 512-byte logical blocks: (10.7 GB/10.0 GiB)
[   57.406286] sd 2:0:0:0: Attached scsi generic sg0 type 0
[   57.406331] sd 2:0:0:0: [sda] Write Protect is off
[   57.534063] sd 2:0:0:0: [sda] Incomplete mode parameter data
[   57.534507] sd 2:0:1:0: [sdb] 20480 512-byte logical blocks: (10.5 MB/10.0 MiB)
[   57.534654] sd 2:0:1:0: Attached scsi generic sg1 type 0
[   57.534894] sd 2:0:1:0: [sdb] Write Protect is off
[   57.535080] sd 2:0:1:0: [sdb] Incomplete mode parameter data
[   57.535081] sd 2:0:1:0: [sdb] Assuming drive cache: write through
[   57.538218] sd 2:0:1:0: [sdb] Attached SCSI disk
[   57.763743] sd 2:0:0:0: [sda] Assuming drive cache: write through
[   57.815250]  sda: sda1
[   57.818806] sd 2:0:0:0: [sda] Attached SCSI disk
[   58.289942] floppy0: no floppy controllers found
Begin: Loading e[   59.741299] md: linear personality registered for level -1
ssential drivers ... [   59.779205] md: multipath personality registered for level -4
[   59.801474] md: raid0 personality registered for level 0
[   59.836115] md: raid1 personality registered for level 1
[   59.971877] raid6: mmxx1    gen()  4953 MB/s
[   60.055854] raid6: mmxx2    gen()  4387 MB/s
[   60.183803] raid6: sse1x1   gen()  4259 MB/s
[   60.295822] raid6: sse1x2   gen()  5301 MB/s
[   60.411850] raid6: sse2x1   gen()  7514 MB/s
[   60.495831] raid6: sse2x1   xor()  6522 MB/s
[   60.631960] raid6: sse2x2   gen()  9446 MB/s
[   60.727744] raid6: sse2x2   xor()  4932 MB/s
[   60.782076] raid6: using algorithm sse2x2 gen() 9446 MB/s
[   60.797880] raid6: .... xor() 4932 MB/s, rmw enabled
[   60.812355] raid6: using ssse3x1 recovery algorithm
[   60.834426] xor: automatically using best checksumming function:
[   60.912040]    avx       : 18863.000 MB/sec
[   60.942307] async_tx: api initialized (async)
[   60.994435] md: raid6 personality registered for level 6
[   61.018039] md: raid5 personality registered for level 5
[   61.054406] md: raid4 personality registered for level 4
[   61.090620] md: raid10 personality registered for level 10
done.
Begin: Running /scripts/init-premount ... done.
Begin: Mounting root file system ... Begin: Running /scripts/local-top ... done.
Begin: Running /scripts/local-premount ... [   61.210186] Btrfs loaded
Scanning for Btrfs filesystems
done.
Warning: fsck no[   61.274836] EXT4-fs (sda1): INFO: recovery required on readonly filesystem
t present, so sk[   61.305055] EXT4-fs (sda1): write access will be enabled during recovery
ipping root file system
[   61.357322] EXT4-fs (sda1): recovery complete
[   61.379896] EXT4-fs (sda1): mounted filesystem with ordered data mode. Opts: (null)
done.
Begin: Running /scripts/local-bottom ... done.
Begin: Running /scripts/init-bottom ... done.
[   61.562843] systemd[1]: systemd 229 running in system mode. (+PAM +AUDIT +SELINUX +IMA +APPARMOR +SMACK +SYSVINIT +UTMP +LIBCRYPTSETUP +GCRYPT +GNUTLS +ACL +XZ -LZ4 +SECCOMP +BLKID +ELFUTILS +KMOD -IDN)
[   61.710044] systemd[1]: Detected virtualization oracle.
[   61.716868] systemd[1]: Detected architecture x86.

Welcome to [1mUbuntu 16.04.1 LTS[0m!

[  61.768815] systemd[1]: Se hstmeo buu-nial>.

[   62.321292] systemd[1]: Started Forward Password Requests to Wall Directory Watch.
[[0;32m  OK  [0m] Started Forward Password Requests to Wall Directory Watch.
[   62.343971] systemd[1]: Created slice System Slice.
[[0;32m  OK  [0m] Created slice System Slice.
[ 62415]syemd[1]: Reached target Encrypted Volumes.
[[0;32m  OK  [0m] Reached target Encrypted Volumes.
[   2.30] stmd]: Lisning o /v/itl mpatibility Named Ppe

[[0;32m  OK  [0m] Listening on /dev/initctl Compatibility Named Pipe.
[  64664syemd[1]: stnig onSyog Socket.
[[0;32m  OK  [0m] Listening on Syslog Socket.
[   63.976394] systemd[1]: Listening on Dvi-mper ve dmo FFO
[[0;32m  OK  [0m] Listening on Device-mapper event daemon FIFOs.
[ 644010 sstd[: Reached art wap.
[[0;32m  OK  [0m] Reached target Swap.
[ 64483]ysmd[1]: reted sle ysemseial\2dgttslice
[[0;32m  OK  [0m] Created slice system-serial\x2dgetty.slice.
[   65.0836] systemd[1: Listening on ounal Audit Socket.
[[0;32m  OK  [0m] Listening on Journal Audit Socket.
[  6.8651] ysemd1] Creatd icUsr d Sessio Sce

[[0;32m  OK  [0m] Created slice User and Session Slice.
[ 66321] systemd[1]: Listening on Journal Socket.
[[0;32m  OK  [0m] Listening on Journal Socket.
[   66.748311] systemd[1]: Starting Remount Root and Kernel File Systems...
         Starting Remount[   66.815248] EXT4-fs (sda1): re-mounted. Opts: (null)
 Root and Kernel File Systems...
[   66.932190] systemd[1]: Starting Create list of required static device nodes for the current kernel...
         Starting Create list of required st... nodes for the current kernel...
[   67.147955] systemd[1]: Mounting Huge Pages File System...
         Mounting Huge Pages File System...
[   67.291960] systemd[1]: Mounting POSIX Message Queue File System...
         Mounting POSIX Message Queue File System...
[   67.411995] systemd[1]: Mounting Debug File System...
         Mounting Debug File System...
[  64905sytemd[1: aced tage User and Goup Nae oks.
[[0;32m  OK  [0m] Reached target User and Group Name Lookups.
[   68.160004] systemd[1]: Starting Load Kernel Modules...
[   68.226025] random: nonblocking pool is initialized
         Starting Load Ke[   68.270230] Loading iSCSI transport class v2.0-870.
rnel Modules...
[   68.299030] systemd[1]: Starting Nameserver information manager...
         Starting Nameserver information [   68.398501] iscsi: registered transport (tcp)
manager...
[   68.520029] systemd[1]: Starting Set console keymap...
         Starting Set console keymap...
[   68.624885] systemd[1]: Listening on udev Control Socket.
[   68.730001] iscsi: registered transport (iser)
[[0;32m  OK  [0m] Listening on udev Control Socket.
[   68.844288] systemd[1]: Listening on LVM2 poll daemon socket.
[[0;32m  OK  [0m] Listening on LVM2 poll daemon socket.
[   69.000173] systemd[1]: Set up automount Arbitrary Executable File Formats File System Automount Point.
[[0;32m  OK  [0m] Set up automount Arbitrary Executab...ats File System Automount Point.
[   69.073128] systemd[1]: Listening on udev Kernel Socket.
[[0;32m  OK  [0m] Listening on udev Kernel Socket.
[   69.112088] systemd[1]: Listening on LVM2 metadata daemon socket.
[[0;32m  OK  [0m] Listening on LVM2 metadata daemon socket.
[   69.268238] systemd[1]: Starting Monitoring of LVM2 mirrors, snapshots etc. using dmeventd or progress polling...
         Starting Monitoring of LVM2 mirrors... dmeventd or progress polling...
[   69.462314] systemd[1]: Reached target Slices.
[[0;32m  OK  [0m] Reached target Slices.
[   69.604514] systemd[1]: Starting Uncomplicated firewall...
         Starting Uncomplicated firewall...
[   69.755996] systemd[1]: Listening on Journal Socket (/dev/log).
[[0;32m  OK  [0m] Listening on Journal Socket (/dev/log).
[   69.940354] systemd[1]: Starting Journal Service...
         Starting Journal Service...
[   70.069176] systemd[1]: Mounted Huge Pages File System.
[[0;32m  OK  [0m] Mounted Huge Pages File System.
[   70.132384] systemd[1]: Mounted POSIX Message Queue File System.
[[0;32m  OK  [0m] Mounted POSIX Message Queue File System.
[   70.211962] systemd[1]: Mounted Debug File System.
[[0;32m  OK  [0m] Mounted Debug File System.
[   70.288219] systemd[1]: Started Journal Service.
[[0;32m  OK  [0m] Started Journal Service.
[[0;32m  OK  [0m] Started Remount Root and Kernel File Systems.
[[0;32m  OK  [0m] Started Create list of required sta...ce nodes for the current kernel.
[[0;32m  OK  [0m] Started Load Kernel Modules.
[[0;32m  OK  [0m] Started Set console keymap.
[[0;32m  OK  [0m] Started Uncomplicated firewall.
[[0;32m  OK  [0m] Started Nameserver information manager.
[[0;32m  OK  [0m] Started LVM2 metadata daemon.
         Starting Apply Kernel Variables...
         Mounting FUSE Control File System...
         Starting Create Static Device Nodes in /dev...
         Starting Initial cloud-init job (pre-networking)...
         Starting udev Coldplug all Devices...
         Starting Load/Save Random Seed...
         Starting Flush Journal to Persistent Storage...
[[0;32m  OK  [0m] Mounted FUSE Control File System.
[[0;32m  OK  [0m] Started Monitoring of LVM2 mirrors,...ng dmeventd or progress polling.
[[0;32m  OK  [0m] Started Apply Kernel Variables.
[[0;32m  OK  [0m] Started Create Static Device Nodes in /dev.
[[0;32m  OK  [0m] Started Load/Save Random Seed.
[[0;32m  OK  [0m] Started udev Coldplug all Devices.
[[0;32m  OK  [0m] Started Flush Journal to Persistent Storage.
         Starting udev Kernel Device Manager...
[[0;32m  OK  [0m] Started udev Kernel Device Manager.
[[0;32m  OK  [0m] Started Dispatch Password Requests to Console Directory Watch.
[[0;32m  OK  [0m] Reached target Local File Systems (Pre).
[[0;32m  OK  [0m] Reached target Local File Systems.
         Starting LSB: AppArmor initialization...
         Starting Create Volatile Files and Directories...
         Starting Set console font and keymap...
         Starting Tell Plymouth To Write Out Runtime Data...
[[0;32m  OK  [0m] Started Create Volatile Files and Directories.
[[0;32m  OK  [0m] Started Set console font and keymap.
[[0;32m  OK  [0m] Started Tell Plymouth To Write Out Runtime Data.
[[0;32m  OK  [0m] Found device /dev/ttyS0.
[[0;32m  OK  [0m] Listening on Load/Save RF Kill Switch Status /dev/rfkill Watch.
[[0;32m  OK  [0m] Created slice system-getty.slice.
[   37.228607] cloud-init[435]: Cloud-init v. 0.7.8 running 'init-local' at Tue, 09 May 2017 03:58:50 +0000. Up 36.89 seconds.
[[0;32m  OK  [0m] Reached target System Time Synchronized.
         Starting Update UTMP about System Boot/Shutdown...
[[0;32m  OK  [0m] Started LSB: AppArmor initialization.
[[0;32m  OK  [0m] Started Initial cloud-init job (pre-networking).
[[0;32m  OK  [0m] Started Update UTMP about System Boot/Shutdown.
[[0;32m  OK  [0m] Reached target Network (Pre).
[[0;32m  OK  [0m] Started ifup for enp0s3.
         Starting Raise network interfaces...
[[0;32m  OK  [0m] Started Raise network interfaces.
[[0;32m  OK  [0m] Reached target Network.
         Starting Initial cloud-init job (metadata service crawler)...
[   40.847122] cloud-init[944]: Cloud-init v. 0.7.8 running 'init' at Tue, 09 May 2017 03:58:54 +0000. Up 40.35 seconds.
[   40.905159] cloud-init[944]: ci-info: +++++++++++++++++++++++++++++++++++++Net device info+++++++++++++++++++++++++++++++++++++
[[0;32m  OK  [0m] Started Initial cloud-init job (metadata service crawler).
[   40.963081] cloud-init[944]: ci-info: +--------+------+---------------------------+---------------+-------+-------------------+
[   41.058683] cloud-init[944]: ci-info: | Device |  Up  |          Address          |      Mask     | Scope |     Hw-Address    |
[   41.113946] cloud-init[944]: ci-info: +--------+------+---------------------------+---------------+-------+-------------------+
[   41.169059] cloud-init[944]: ci-info: |   lo   | True |         127.0.0.1         |   255.0.0.0   |   .   |         .         |
[   41.223229] [[0;32m  OK  [0m] Reached target System Initialization.
[[0;32m  OK  [0m] Listening on UUID daemon activation socket.
[[0;32m  OK  [0m] Started Daily Cleanup of Temporary Directories.
[[0;32m  OK  [0m] Listening on ACPID Listen Socket.
cloud-init[944]: ci-info: |   lo   | True |          ::1/128          |       .       |  host |         .         |
[   41.376364] cloud-init[944]: ci-info: | enp0s3 | True |         10.0.2.15         | 255.255.255.0 |   .   | 02:ba:9d:25:04:86 |
[   41.425184] cloud-init[944]: ci-info: | enp0s3 | True | fe80::ba:9dff:fe25:486/64 |       .       |  link | 02:ba:9d:25:04:86 |
[[0;32m  OK  [0m] Started Timer to automatically refresh installed snaps.
[[0;32m  OK  [0m] Started Trigger resolvconf update for networkd DNS.
[[0;32m  OK  [0m] Started Daily apt activities.
[[0;32m  OK  [0m] Reached target Timers.
[   41.507286] cloud-init[944]: ci-info: +--------+------+---------------------------+---------------+-------+-------------------+
[   41.668397] cloud-init[944]: ci-info: +++++++++++++++++++++++++++Route IPv4 info++++++++++++++++++++++++++++
[   41.710318] cloud-init[944]: ci-info: +-------+-------------+----------+---------------+-----------+-------+
         Starting LXD - unix socket.
[   41.795570] cloud-init[944]: ci-info: | Route | Destination | Gateway  |    Genmask    | Interface | Flags |
[   41.888415] cloud-init[944]: ci-info: +-------+-------------+----------+---------------+-----------+-------+
[   41.941832] cloud-init[944]: ci-info: |   0   |   0.0.0.0   | 10.0.2.2 |    0.0.0.0    |   enp0s3  |   UG  |
[   42.000944] cloud-init[944]: ci-info: |   1   |   10.0.2.0  | 0.0.0.0  | 255.255.255.0 |   enp0s3  |   U   |
[[0;32m  OK  [0m] Started ACPI Events Check.
[[0;32m  OK  [0m] Reached target Paths.
[[0;32m  OK  [0m] Listening on D-Bus System Message Bus Socket.
         Starting Socket activation for snappy daemon.
[[0;32m  OK  [0m] Reached target Network is Online.
[   42.054920] cloud-init[944]: ci-info: +-------+-------------+----------+---------------+-----------+-------+
         Starting iSCSI initiator daemon (iscsid)...
[[0;32m  OK  [0m] Reached target Cloud-config availability.
[[0;32m  OK  [0m] Listening on LXD - unix socket.
[[0;32m  OK  [0m] Listening on Socket activation for snappy daemon.
[[0;32m  OK  [0m] Started iSCSI initiator daemon (iscsid).
         Starting Login to default iSCSI targets...
[[0;32m  OK  [0m] Reached target Sockets.
[[0;32m  OK  [0m] Reached target Basic System.
         Starting /etc/rc.local Compatibility...
         Starting System Logging Service...
         Starting Accounts Service...
         Starting LXD - container startup/shutdown...
[[0;32m  OK  [0m] Started Deferred execution scheduler.
[[0;32m  OK  [0m] Started D-Bus System Message Bus.
         Starting LSB: MD monitoring daemon...
[[0;32m  OK  [0m] Started ACPI event daemon.
[[0;32m  OK  [0m] Started Snappy daemon.
         Starting Apply the settings specified in cloud-config...
[[0;32m  OK  [0m] Started FUSE filesystem for LXC.
[[0;32m  OK  [0m] Started Regular background program processing daemon.
         Starting LSB: Record successful boot for GRUB...
         Starting Login Service...
         Starting Auto import assertions from block devices...
         Starting OpenBSD Secure Shell server...
[[0;32m  OK  [0m] Started System Logging Service.
[[0;32m  OK  [0m] Started OpenBSD Secure Shell server.
[[0;32m  OK  [0m] Started /etc/rc.local Compatibility.
[[0;32m  OK  [0m] Started LXD - container startup/shutdown.
[[0;32m  OK  [0m] Started Auto import assertions from block devices.
[[0;32m  OK  [0m] Started Login to default iSCSI targets.
[[0;32m  OK  [0m] Started LSB: MD monitoring daemon.
[[0;32m  OK  [0m] Started LSB: Record successful boot for GRUB.
[[0;32m  OK  [0m] Started Login Service.
         Starting Authenticate and Authorize Users to Run Privileged Tasks...
[[0;32m  OK  [0m] Reached target Remote File Systems (Pre).
[[0;32m  OK  [0m] Reached target Remote File Systems.
         Starting LSB: daemon to balance interrupts for SMP systems...
         Starting LSB: VirtualBox Linux Additions...
         Starting LSB: automatic crash report generation...
         Starting LSB: Set the CPU Frequency Scaling governor to "ondemand"...
[   43.817162] cloud-init[1034]: Cloud-init v. 0.7.8 running 'modules:config' at Tue, 09 May 2017 03:58:57 +0000. Up 43.64 seconds.
         Starting Permit User Sessions...
         Starting LSB: No Display Manager...
[[0;32m  OK  [0m] Started Apply the settings specified in cloud-config.
[[0;32m  OK  [0m] Started Permit User Sessions.
[[0;32m  OK  [0m] Started Authenticate and Authorize Users to Run Privileged Tasks.
[[0;32m  OK  [0m] Started Accounts Service.
[[0;32m  OK  [0m] Started LSB: daemon to balance interrupts for SMP systems.
[[0;32m  OK  [0m] Started LSB: VirtualBox Linux Additions.
[[0;32m  OK  [0m] Started LSB: automatic crash report generation.
[[0;32m  OK  [0m] Started LSB: Set the CPU Frequency Scaling governor to "ondemand".
[[0;32m  OK  [0m] Created slice User Slice of ubuntu.
[[0;32m  OK  [0m] Started Session 1 of user ubuntu.
         Starting User Manager for UID 1000...
         Starting Terminate Plymouth Boot Screen...
         Starting Hold until boot process finishes up...
[[0;32m  OK  [0m] Started User Manager for UID 1000.
[[0;32m  OK  [0m] Started LSB: No Display Manager.
[[0;32m  OK  [0m] Started Terminate Plymouth Boot Screen.
[[0;32m  OK  [0m] Started Hold until boot process finishes up.
[[0;32m  OK  [0m] Started Getty on tty1.
         Starting Set console scheme...
[[0;32m  OK  [0m] Started Serial Getty on ttyS0.
[[0;32m  OK  [0m] Reached target Login Prompts.
[[0;32m  OK  [0m] Reached target Multi-User System.
         Starting Execute cloud user/final scripts...
[[0;32m  OK  [0m] Reached target Graphical Interface.
         Starting Update UTMP about System Runlevel Changes...
[[0;32m  OK  [0m] Started Set console scheme.
[[0;32m  OK  [0m] Started Update UTMP about System Runlevel Changes.
[[0;32m  OK  [0m] Started Session c1 of user ubuntu.
[   45.292746] cloud-init[1208]: Cloud-init v. 0.7.8 running 'modules:final' at Tue, 09 May 2017 03:58:59 +0000. Up 45.08 seconds.
[   45.333146] cloud-init[1208]: Cloud-init v. 0.7.8 finished at Tue, 09 May 2017 03:58:59 +0000. Datasource DataSourceNoCloud [seed=/dev/sdb][dsmode=net].  Up 45.27 seconds
[[0;32m  OK  [0m] Started Execute cloud user/final scripts.
[[0;32m  OK  [0m] Reached target Cloud-init target.

Ubuntu 16.04.1 LTS ubuntu-xenial ttyS0

ubuntu-xenial login: 