[  0000000] Iniiaizin coup suyscpse
[    0.0000] nializnggrou subsys cpu
[   0.0000 Iitaling cou subss uacct    0.000] Liuxvesion4.0-75geerc (uildd@lcy01-0) cc vrsn 5.4.0 20160609 (Ubuntu 5.40-bunt1~.04.)  #96-Ubunu P Thu r 0 09:5:1UTC 01(Ubutu.4.0-.9-genec .4.59)
  0.0000 KEREL upported pu
[  00000]  Int GnuinInte
    0.000000]  A AutheicMD
  0.00000  NSC Godby NS
   0.00000]  CrixCyixnsted
[    0.000000]   Centaur CentaurHauls
[    0.000000]  Trnsmeta eninTMx8
   0.0000]  Trasma TranmeaCU
[   .00000]  U UMCUM UC
  0.00000]86fpu:xstte_offse[2]:  56,xsate_sizes[2]  56
[[    00000] x/fu: pprting SA feaur0x01: x8floainpoinreisters
   00000] 6/pu: uporing SAVEfetue 02 'SSE resters'[   0.000] x86fpu Spporting XAV fatur 04: 'X egistrs
    0.000000] x6/fp: ablexsate atres 0x, ntexsie is83bytes,usg 'sanrd' ort.
  0.0000]x86fp Using'lazy'FPU ntxt stces.
[   0.0000] 82 BIO-pvidedphical RA m:
[    .0000]IO-e820[mm 0x0000000000-000000000bff] usle
[  0000000] BIOS-e20[mem0x000000000c0-0x000000009fff] servd[    0.0000] BIOS-e820 [mem 000000000000-0x0000000000fff]esered
[  000000] IOe820: [mm 000000010000x000003ffefff] sale
  0.00000 BOS-e20[mem 00000003ff00-0x0000003ffff] CPdaa
[   0.00000] IOS-e82: me 0x000000ffc000-x0000000fffff] reserved
   0000000] NX (Execute Disable) protection: active
[    0.000000] SMIO 25 prse.
[    0.000000] Hypervisor detected: KVM
[    0.000000] e820: last_pfn = 0x3fff0 max_arch_pfn = x10000
   0.00000] MR:Disabled
   0.000] x86/ATMTRR dabled,skpingPAinitiaiztin to
[   .0000] x86/AT Cnfigaton[0]: WB WT U- UC W  T  U-   
   0000000]CPMTRRs l lan - virtalizedsystem.[    00000] ou SMP MPtae at [mm 0009fff00x09fff]appeat[c009f0
[  0.000000] Scnning 1 areasfo lw memy orruti
[  000000] MDISK:me 0x63000-x31afff
[   0.000] ACP: rly ab cecksm rifitin disale
    00000] ACPI RSDPx0000000000000024 (v0 VBX )
[  0.0000 API: XSDT x000003F003000C (v01VBX   VBXXT 00001 AS  0000)
[  .00000 API: AC0x000003FFF0F0000F4 (v04VBX   VBOFA 00000 ASL00001)
[    0.0000] CPI:DST x00000000FF040 0011(v01 VOX  BOIOS 00002 INL 100528)
   00000] ACI:ACS x00000FFF200 004
[   00000] CP: FAC 0x0000003FFF0200 0000
[    0.0000 ACPI: APIC 0x000000003FFF0240 00005C (v02 VBOX   VBOXAPIC 000001 SL  000001)
[    .000000] API SSDT 0x0000003FFF00 001CC (v0 VX   OXPUT 000002 IN 210052)[   .00000] 11M HGHME ailable
[   0.0000 89B OWMEM avalae.
[    0.000]   mappd w ram 0 37be0
[   0000000  ow ram: 0 3bfe00
[   00000 k-clok:singsr 4b54d and 56d00    .0000]vmclo: pu 0, sr:37bd01,primy pulok
[   0.00000] vmlock: using scedoffse o 301011 cyes
[    .000] clocsorc: kvm-coc: ma: xffffffffffffff max_ccl: x1cd44dfb, x_dle_s:815909148ns
  0.0000 Zonrages:
  0.000000  MA    me 0x00000000001000-x000000fffff][   00000] Nomal   [mm 00000000100000-x00000037bfdf]
[  00000  Highm [memx0000003fe000-0x000003feff][   0.0000 Mvae zoe art fo eachnoe
[   0.0000] Eay emoryod ranges[    00000]   no  0: [me 000000000000x000000009ef]
[   0.00000]  no  0:[m 0x000000010000-00000003fefff
[    0.000] Iitm setup ode 0 me 0x000000000000x000003ffff]
  0.0000] ing PIdrivr falt
    0000000] AC: PM-Tme IOPo: 0x00
[    00000] OAC[0]: piid 2vesion7,addres 0fe00000 G 0-2
   0.0000]ACPI: T_SR_O (us 0 busir 0 gba_irq2 fldfl)
[  000000]CPI: I_SC_OV (s 0 bu_iq  gba_irq 9 hig lel)    0.0000]Using ACPI (AD for S cnfigraio information
[    0.00000smbootAlowing2 Us, holug PU
[    0.00000PM: Registednosaveemry: me0x00000-x000fff]
[   .000] M: Rgiered nosa mmory [m 0x000f0-0x09fff
   0.0000] M: Regstered nosave memory: [mem 0x000a0000-0x000eff]    .0000] P Rgisted osavemery: [mm x00000-0x00fff]
[  0.000] 20 [emx4000000xfffff] aville forPCdevies
[    0.000] Botig paavirtalize krnl on M
[   0.0000] clksurce rind-jiie: sk0xffffffff mx_cles: 0xfffff, maxdl_n 75519021568 n
   0.00000setu_pcpu:NRPUS: ncpumask_bts nr_u_ds:2nrode_ids:1
[    0.00000] PERCPU Ebeddd  pags/pu@f7100 s474360 30388 774
[   .00000 Pqspilo hsh taleenries: 12order:0,4096 te)
[  0000000 Blt 1 zoelts i Ze orr, mobity gouping on.  Tota pge: 2500
[   0.0000Kenel mmnd le:BOT_AG=/otvmin-4.4.0-5-neri rt=UUD=c5cfe-fd-438695-6db41535 rconsle=tty consol=tS0
   0000000 P hashtable nties:40 (orr:2,164 bys)
[  .00000] Denrycaheash talentris:3107(oder: 7, 524288 bytes)
[  0.00000Inod-chehah abe entrie: 556 (de: 6, 262144 bte)
[  .0000]Initalizng CU#0
[   .000000] Initializing HighMem for node 0 (00037bfe:0003fff0)
[    0.000000] Initializing Movable for node 0 000000:00000)
[   .0000 Mmoy:008340K/0420 avalae (792K rnel code, 77K rdaa, 316 rdata94K int, 800K bss, 3970Krerved,  ca-rered, 13511K ghmem)[   0.0000]vitul kene mmory lyo:
[  .00000]   fma  : xff1000  0ffff00   936kB
[  0.00000     pkmp : 0xf0000 - 0xf000   04 kB)
[   000000]  vmalloc 0f8fe0 - 0xfbe00   (12 M)
[   .000]    loem :0x00000 0x7bfe000   ( 891 MB)
[    0.000000]      int  01b99000  0c1c8400 ( 940 B)[    00000     at : 017e50b 0c1b9b4  (394 k)
[  0.0000      .tex :0x100000 0xcbe0b   (29 kB)
[   0.000000]Chking f isprceor hoous he W bt ven  sperviso mde..Ok
   0.000] SLUB Hlign=64,rdr=0-, nObjects0,CPUs=2 Nes=1    00000]Hirachical RU plemeaton.[   0.000] 	Buildim  adjtmnt of leaf fanout o .
[  00000] RCUreriting Usfrom NCPS=8  n_c_is=2.
[   000000]CU: jutingeoetryorrcu_fno_leaf=2,r_cp_i=2
[   0.0000] _IQS30 nr_qs440 16
   0.0000 Conle clo VGA8025
  0.0000 conso [ty1]enled    00000 csolettS0] enabed
[   0.00000 allocated 1048576 bytes f ge_et[   0.000000] tsc: Detected 1995.381 MHz processor
[   34.596487] Calibrating delay loop (skipped) preset value.. 3990.76 BogoMIPS (lpj=7981524)
[   34.759036] pid_max: default: 32768 minimum: 301
[   34.848371] ACPI: Core revision 20150930
[   34.885256] ACPI: 2 ACPI AML tables successfully acquired and loaded
[   34.925045] Security Framework initialized
[   35.001794] Yama: becoming mindful.
[   35.072469] AppArmor: AppArmor initialized
[   35.165874] Mount-cache hash table entries: 2048 (order: 1, 8192 bytes)
[   35.277047] Mountpoint-cache hash table entries: 2048 (order: 1, 8192 bytes)
[   35.396247] Initializing cgroup subsys io
[   35.436783] Initializing cgroup subsys memory
[   35.445153] Initializing cgroup subsys devices
[   35.467786] Initializing cgroup subsys freezer
[   35.539935] Initializing cgroup subsys net_cls
[   35.628825] Initializing cgroup subsys perf_event
[   35.732697] Initializing cgroup subsys net_prio
[   35.818220] Initializing cgroup subsys hugetlb
[   35.904449] Initializing cgroup subsys pids
[   35.984413] CPU: Physical Processor ID: 0
[   36.061494] CPU: Processor Core ID: 0
[   36.083345] mce: CPU supports 0 MCE banks
[   36.084182] Last level iTLB entries: 4KB 1024, 2MB 1024, 4MB 1024
[   36.145269] Last level dTLB entries: 4KB 1024, 2MB 1024, 4MB 1024, 1GB 4
[   36.256338] Freeing SMP alternatives memory: 28K (c1c84000 - c1c8b000)
[   36.385820] ftrace: allocating 31398 entries in 62 pages
[   36.528418] smpboot: APIC(0) Converting physical 0 to logical package 0
[   36.630052] smpboot: Max logical packages: 1
[   36.708996] Enabling APIC mode:  Flat.  Using 1 I/O APICs
[   36.824473] ..TIMER: vector=0x30 apic1=0 pin1=2 apic2=-1 pin2=-1
[   37.048587] smpboot: CPU0: Intel(R) Core(TM) i7-4750HQ CPU @ 2.00GHz (family: 0x6, model: 0x46, stepping: 0x1)
[   37.235308] Performance Events: unsupported p6 CPU model 70 no PMU driver, software events only.
[   37.436492] KVM setup paravirtual spinlock
[   37.503190] x86: Booting SMP configuration:
[   37.558198] .... node  #0, CPUs:      #1
[1266874886.108211] Initializing CPU#1
[   37.636597] kvm-clock: cpu 1, msr 0:37bfd041, secondary cpu clock
[   37.657006] mce: CPU supports 0 MCE banks
[   37.672470] x86: Booted up 1 node, 2 CPUs
[   37.720880] smpboot: Total of 2 processors activated (7981.52 BogoMIPS)
[   37.847775] devtmpfs: initialized
[   37.879611] evm: security.selinux
[   37.880360] evm: security.SMACK64
[   37.882909] evm: security.SMACK64EXEC
[   37.883672] evm: security.SMACK64TRANSMUTE
[   37.884492] evm: security.SMACK64MMAP
[   37.921631] evm: security.ima
[   37.955048] evm: security.capability
[   38.017418] clocksource: jiffies: mask: 0xffffffff max_cycles: 0xffffffff, max_idle_ns: 7645041785100000 ns
[   38.240257] futex hash table entries: 512 (order: 3, 32768 bytes)
[   38.329860] pinctrl core: initialized pinctrl subsystem
[   38.425862] RTC time: 11:05:18, date: 05/10/17
[   38.522526] NET: Registered protocol family 16
[   38.569774] EISA bus registered
[   38.645244] cpuidle: using governor ladder
[   38.721405] cpuidle: using governor menu
[   38.761138] PCCT header not found.
[   38.789351] ACPI: bus type PCI registered
[   38.847132] acpiphp: ACPI Hot Plug PCI Controller Driver version: 0.5
[   38.942519] PCI : PCI BIOS area is rw and x. Use pci=nobios if you want it NX.
[   39.071439] PCI: PCI BIOS revision 2.10 entry at 0xfda26, last bus=0
[   39.187442] PCI: Using configuration type 1 for base access
[   39.287034] ACPI: Added _OSI(Module Device)
[   39.365614] ACPI: Added _OSI(Processor Device)
[   39.433946] ACPI: Added _OSI(3.0 _SCP Extensions)
[   39.473696] ACPI: Added _OSI(Processor Aggregator Device)
[   39.562219] ACPI: Executed 1 blocks of module-level executable AML code
[   39.683294] ACPI: Interpreter enabled
[   39.741372] ACPI: (supports S0 S5)
[   39.805785] ACPI: Using IOAPIC for interrupt routing
[   39.881494] PCI: Using host bridge windows from ACPI; if necessary, use "pci=nocrs" and report a bug
[   39.931122] ACPI: PCI Root Bridge [PCI0] (domain 0000 [bus 00-ff])
[   39.998933] acpi PNP0A03:00: _OSC: OS supports [ASPM ClockPM Segments MSI]
[   40.034017] acpi PNP0A03:00: _OSC failed (AE_NOT_FOUND); disabling ASPM
[   40.035149] acpi PNP0A03:00: fail to add MMCONFIG information, can't access extended PCI configuration space under this bridge.
[   40.047911] PCI host bridge to bus 0000:00
[   40.121812] pci_bus 0000:00: root bus resource [io  0x0000-0x0cf7 window]
[   40.198814] pci_bus 0000:00: root bus resource [io  0x0d00-0xffff window]
[   40.311711] pci_bus 0000:00: root bus resource [mem 0x000a0000-0x000bffff window]
[   40.443859] pci_bus 0000:00: root bus resource [mem 0x40000000-0xffdfffff window]
[   40.543876] pci_bus 0000:00: root bus resource [bus 00-ff]
[   40.568652] pci 0000:00:01.1: legacy IDE quirk: reg 0x10: [io  0x01f0-0x01f7]
[   40.654311] pci 0000:00:01.1: legacy IDE quirk: reg 0x14: [io  0x03f6]
[   40.798792] pci 0000:00:01.1: legacy IDE quirk: reg 0x18: [io  0x0170-0x0177]
[   40.932601] pci 0000:00:01.1: legacy IDE quirk: reg 0x1c: [io  0x0376]
[   41.027173] ACPI: PCI Interrupt Link [LNKA] (IRQs 5 9 10 11) *0, disabled.
[   41.123848] ACPI: PCI Interrupt Link [LNKB] (IRQs 5 9 10 *11)
[   41.163222] ACPI: PCI Interrupt Link [LNKC] (IRQs 5 9 *10 11)
[   41.233866] ACPI: PCI Interrupt Link [LNKD] (IRQs 5 *9 10 11)
[   41.235683] ACPI: Enabled 2 GPEs in block 00 to 07
[   41.237389] vgaarb: setting as boot device: PCI:0000:00:02.0
[   41.329926] vgaarb: device added: PCI:0000:00:02.0,decodes=io+mem,owns=io+mem,locks=none
[   41.413139] vgaarb: loaded
[   41.453429] vgaarb: bridge control possible 0000:00:02.0
[   41.513898] SCSI subsystem initialized
[   41.571654] ACPI: bus type USB registered
[   41.595682] usbcore: registered new interface driver usbfs
[   41.683615] usbcore: registered new interface driver hub
[   41.744056] usbcore: registered new device driver usb
[   41.774578] PCI: Using ACPI for IRQ routing
[   41.831553] NetLabel: Initializing
[   41.887365] NetLabel:  domain hash size = 128
[   41.963546] NetLabel:  protocols = UNLABELED CIPSOv4
[   42.049976] NetLabel:  unlabeled traffic allowed by default
[   42.112900] amd_nb: Cannot enumerate AMD northbridges
[   42.165845] clocksource: Switched to clocksource kvm-clock
[   2.46] ApArr:ppmo Fleysm naed[ 42250]npPnAC it[  43.77655] p:nPCP: un3 vis  3.777]nPOSDibl bAC PNP

[ 44967] losoceac_p mk:xfffmacyes0xff, x_le_n 2087002 n
[ 45682]ET Regisreprocolfaly
[ 46091]TCesblished hash ab eris:8192 (ode 3328 te
[   6.95] P ndastae trs:8192 orr:, 53bys)
[   7.86] P:astaesongud esblhe 8192bind 82)[ 48927]DPas tble entris:12orr:, 38bys)[  49.377] UP-teastae ntes51(order:, 634 te)  0.82] ET: Risred ptol miy 1
[  55803pc00:000: imitngdictCICIrafe
  51.329 p 0000:.0AcvangSAMAanwoaruns[ 52391]Unpakingniam..

[   52.852003] Freeing initrd memory: 14628K (f635e000 - f71a7000)
[   52.986721] platform rtc_cmos: registered platform RTC device (no PNP device found)
[   53.176034] Scanning for low memory corruption every 60 seconds
[   53.213068] audit: initializing netlink subsys (disabled)
[   53.243977] audit: type=2000 audit(1494414296.790:1): initialized
[   53.325915] Initialise system trusted keyring
[   53.393575] HugeTLB registered 2 MB page size, pre-allocated 0 pages
[ 53660]bu: loaded
[  538579] VF Dk ot dot.6
   53.98630]scRened TSC losocealraon19.61 z
[   53.986353] clocksource: tsc: mask: 0xffffffffffffffff max_cycles: 0x3971e7dbd0e, max_idle_ns: 881590811248 ns
[   55.247445] VFS: Dquot-cache hash table entries: 1024 (order 0, 4096 bytes)
[   55.354536] squashfs: version 4.0 (2009/01/31) Phillip Lougher
[   55.404058] fuse init (API version 7.23)
[   55.4376] y ypbikerested
[   58775] Alloti I MK d aciskeyrings

[   56.445363] Key type asymmetric registered
[   56.513284] Asymmetric key parser 'x509' registered
[   56.551573] bounce: pool size: 64 pages
[   56.578878] Block layer SCSI generic (bsg) driver version 0.4 loaded (major 249)
[   6.07]  sedernooprested[ 571744io schedule ddle gier (deful)
[ 5.74196ioscedler fqegteed[ 58874] pci_hotpg:CIotPlug PCICo vsi: 0.
[   8.29] iehp P Ere Ht ugCoroer Drive vsi: .4
[   59.50] CP AAdte [C]off-li)
[  60682]np: we Button a /vis/XSTM0/XPBN0/puint0

[   61.0451]CP Perutn PWRF]
[   613906int:le Btoas/devceLNYS:0LNSLBN:0int/pu1
[   2.19303] ACPI: See Bto[SLPF]
[   625801GH: STs t nable!  2.5582] ACPI: Batey otBAT0] (btty est)
[   63.633406] isapnp: Scanning for PnP cards...
ÿ[   63.633551] Serial: 8250/16550 driver, 32 ports, IRQ sharing enabled
[   63.715932] 00:02: ttyS0 at I/O 0x3f8 (irq = 4, base_baud = 115200) is a 16550A
[   63.996966] Linux agpgart interface v0.103
[   64.058552] loop: module loaded
[   64.130365] scsi host0: ata_piix
[   64.143891] scsi host1: ata_piix
[   64.169887] ata1: PATA max UDMA/33 cmd 0x1f0 ctl 0x3f6 bmdma 0xd000 irq 14
[   64.171097] ata2: PATA max UDMA/33 cmd 0x170 ctl 0x376 bmdma 0xd008 irq 15
[   64.173937] libphy: Fixed MDIO Bus: probed
[   64.177306] tun: Universal TUN/TAP device driver, 1.6
[   64.214002] tun: (C) 1999-2004 Max Krasnyansky <maxk@qualcomm.com>
[   64.255972] PPP generic driver version 2.4.2
[   64.294384] ehci_hcd: USB 2.0 'Enhanced' Host Controller (EHCI) Driver
[   64.345501] ehci-pci: EHCI PCI platform driver
[   64.367851] ehci-platform: HC ger ptfm iv
[  63765ispnp: o ug Py devie un
[   5.390] ocicd UB .1'On'os Ctrllr (OHI)rir
[   6.987 oi-pci: HCPCplfom driver[  644617] ohci-lafo: CIenicplfom iv
[   7.73] cicdUS UnivesaHo Ctrll Ierfcerir
[   67.355]8042 P: /2onolr NP303:PS2KNP03S2 a0x,04 rq1,2
[   8.117] sri: 04KBpo a0x0,0x64 q 

[   69.38] ri i42 AX portt 60,0x6 irq 12

[   0.03] usevPS2 ouse deiccoonor all mice
[   70.622676] input: AT Translated Set 2 keyboard as /devices/platform/i8042/serio0/input/input2
[   70.626731] rtc_cmos rtc_cmos: rtc core: registered rtc_cmos as rtc0
[   70.626854] rtc_cmos rtc_cmos: alarms up to one day, 114 bytes nvram
[   70.626877] i2c /dev entries driver
[   70.627050] device-mapper: uevent: version 1.0.3
[   70.627177] device-mapper: ioctl: 4.34.0-ioctl (2015-10-28) initialised: dm-devel@redhat.com
[   70.627212] platform eisa.0: Probing EISA bus 0
[   70.627214] platform eisa.0: EISA: Cannot allocate resource for mainboard
[   70.627216] platform eisa.0: Cannot allocate resource for EISA slot 1
[   70.627216] platform eisa.0: Cannot allocate resource for EISA slot 2
[   70.627217] platform eisa.0: Cannot allocate resource for EISA slot 3
[   70.627218] platform eisa.0: Cannot allocate resource for EISA slot 4
[   70.627218] platform eisa.0: Cannot allocate resource for EISA slot 5
[   70.627219] platform eisa.0: Cannot allocate resource for EISA slot 6
[   70.627220] platform eisa.0: Cannot allocate resource for EISA slot 7
[   70.627221] platform eisa.0: Cannot allocate resource for EISA slot 8
[   70.627221] platform eisa.0: EISA: Detected 0 cards
[   70.627242] cpufreq-nforce2: No nForce2 chipset.
[   70.627254] ledtrig-cpu: registered to indicate activity on CPUs
[   70.627508] NET: Registered protocol family 10
[   70.751041] NET: Registered protocol family 17
[   70.751069] Key type dns_resolver registered
[   70.852971] microcode: CPU0 sig=0x40661, pf=0x40, revision=0x0
[   70.853032] microcode: CPU1 sig=0x40661, pf=0x40, revision=0x0
[   70.853143] microcode: Microcode Update Driver: v2.01 <tigran@aivazian.fsnet.co.uk>, Peter Oruba
[   70.853169] Using IPI No-Shortcut mode
[   70.853383] registered taskstats version 1
[   70.853403] Loading compiled-in X.509 certificates
[   70.855797] Loaded X.509 cert 'Build time autogenerated kernel key: 07b96e98effcf92e436e5474864c4a8d42920bdd'
[   70.855847] zswap: loaded using pool lzo/zbud
[   70.857465] Key type trusted registered
[   70.860231] Key type encrypted registered
[   70.860236] AppArmor: AppArmor sha1 policy hashing enabled
[   70.860286] ima: No TPM chip found, activating TPM-bypass!
[   70.860304] evm: HMAC attrs: 0x1
[   70.860566]   Magic number: 1:423:74
[   70.886070] rtc_cmos rtc_cmos: setting system clock to 2017-05-10 11:05:50 UTC (1494414350)
[   70.886633] BIOS EDD facility v0.16 2004-Jun-25, 0 devices found
[   70.886655] EDD information not available.
[   73.099224] Freeing unused kernel memory: 940K (c1b99000 - c1c84000)
[   73.125767] Write protecting the kernel text: 7932k
[   73.158076] Write protecting the kernel read-only data: 3168k
[   73.242886] NX-protecting the kernel data: 6404k
Loading, please wait...
[   73.328598] random: systemd-udevd: uninitialized urandom read (16 bytes read, 4 bits of entropy available)
starting version[   73.329096] random: udevadm: uninitialized urandom read (16 bytes read, 4 bits of entropy available)
 229
[   73.329144] random: udevadm: uninitialized urandom read (16 bytes read, 4 bits of entropy available)
[   73.329274] random: udevadm: uninitialized urandom read (16 bytes read, 4 bits of entropy available)
[   73.329322] random: udevadm: uninitialized urandom read (16 bytes read, 4 bits of entropy available)
[   73.329369] random: udevadm: uninitialized urandom read (16 bytes read, 4 bits of entropy available)
[   73.329422] random: udevadm: uninitialized urandom read (16 bytes read, 4 bits of entropy available)
[   73.329469] random: udevadm: uninitialized urandom read (16 bytes read, 4 bits of entropy available)
[   73.329513] random: udevadm: uninitialized urandom read (16 bytes read, 4 bits of entropy available)
[   73.329560] random: udevadm: uninitialized urandom read (16 bytes read, 4 bits of entropy available)
[   74.528803] Fusion MPT base driver 3.04.20
[   74.548274] Copyright (c) 1999-2008 LSI Corporation
[   74.571580] e1000: Intel(R) PRO/1000 Network Driver - version 7.3.21-k8-NAPI
[   74.585712] e1000: Copyright (c) 1999-2006 Intel Corporation.
[   74.639275] input: ImExPS/2 Generic Explorer Mouse as /devices/platform/i8042/serio1/input/input4
[   74.789975] Fusion MPT SPI Host driver 3.04.20
[   75.135860] e1000 0000:00:03.0 eth0: (PCI:33MHz:32-bit) 02:ba:9d:25:04:86
[   75.192482] e1000 0000:00:03.0 eth0: Intel(R) PRO/1000 Network Connection
[   75.316832] mptbase: ioc0: Initiating bringup
[   75.317372] e1000 0000:00:03.0 enp0s3: renamed from eth0
[   75.563645] ioc0: LSI53C1030 A0: Capabilities={Initiator}
[   77.365765] scsi host2: ioc0: LSI53C1030 A0, FwRev=00000000h, Ports=1, MaxQ=256, IRQ=20
[   77.626620] floppy0: no floppy controllers found
[   77.626657] work still pending
[   77.910403] scsi 2:0:0:0: Direct-Access     VBOX     HARDDISK         1.0  PQ: 0 ANSI: 5
[   77.967323] scsi target2:0:0: Beginning Domain Validation
[   78.153024] scsi target2:0:0: Domain Validation skipping write tests
[   78.155783] scsi target2:0:0: Ending Domain Validation
[   78.156870] scsi target2:0:0: asynchronous
[   78.158544] scsi 2:0:1:0: Direct-Access     VBOX     HARDDISK         1.0  PQ: 0 ANSI: 5
[   78.270997] scsi target2:0:1: Beginning Domain Validation
[   78.415634] scsi target2:0:1: Domain Validation skipping write tests
[   78.566828] scsi target2:0:1: Ending Domain Validation
[   78.702884] scsi target2:0:1: asynchronous
[   78.785288] sd 2:0:0:0: [sda] 20971520 512-byte logical blocks: (10.7 GB/10.0 GiB)
[   78.785391] sd 2:0:0:0: Attached scsi generic sg0 type 0
[   78.785802] sd 2:0:1:0: Attached scsi generic sg1 type 0
[   79.044389] sd 2:0:1:0: [sdb] 20480 512-byte logical blocks: (10.5 MB/10.0 MiB)
[   79.188070] sd 2:0:0:0: [sda] Write Protect is off
[   79.242610] sd 2:0:1:0: [sdb] Write Protect is off
[   79.272934] sd 2:0:1:0: [sdb] Incomplete mode parameter data
[   79.274366] sd 2:0:0:0: [sda] Incomplete mode parameter data
[   79.274367] sd 2:0:0:0: [sda] Assuming drive cache: write through
[   79.469525]  sda: sda1
[   79.470769] sd 2:0:0:0: [sda] Attached SCSI disk
[   79.662545] sd 2:0:1:0: [sdb] Assuming drive cache: write through
[   79.709501] sd 2:0:1:0: [sdb] Attached SCSI disk
Begin: Loading e[   81.158360] md: linear personality registered for level -1
ssential drivers[   81.219099] md: multipath personality registered for level -4
 ... [   81.256660] md: raid0 personality registered for level 0
[   81.282237] md: raid1 personality registered for level 1
[   81.425998] raid6: mmxx1    gen()  4369 MB/s
[   81.582357] raid6: mmxx2    gen()  4264 MB/s
[   81.733910] raid6: sse1x1   gen()  4003 MB/s
[   81.901942] raid6: sse1x2   gen()  4954 MB/s
[   82.046891] raid6: sse2x1   gen()  7539 MB/s
[   82.162229] raid6: sse2x1   xor()  5273 MB/s
[   82.238134] raid6: sse2x2   gen()  8693 MB/s
[   82.350319] raid6: sse2x2   xor()  6342 MB/s
[   82.365277] raid6: using algorithm sse2x2 gen() 8693 MB/s
[   82.422741] raid6: .... xor() 6342 MB/s, rmw enabled
[   82.526630] raid6: using ssse3x1 recovery algorithm
[   82.643612] xor: automatically using best checksumming function:
[   82.785883]    avx       : 19545.000 MB/sec
[   82.866201] async_tx: api initialized (async)
[   82.971949] md: raid6 personality registered for level 6
[   83.022055] md: raid5 personality registered for level 5
[   83.154679] md: raid4 personality registered for level 4
[   83.218916] md: raid10 personality registered for level 10
done.
Begin: Running /scripts/init-premount ... done.
Begin: Mounting root file sys[   83.303122] Btrfs loaded
tem ... Begin: Running /scripts/local-top ... done.
Begin: Running /scripts/local-premount ... Scanning for Btrfs filesystems
done.
Warning: fsck no[   83.384389] EXT4-fs (sda1): INFO: recovery required on readonly filesystem
t present, so sk[   83.459548] EXT4-fs (sda1): write access will be enabled during recovery
ipping root file system
[   83.546394] EXT4-fs (sda1): orphan cleanup on readonly fs
[   83.607506] EXT4-fs (sda1): 16 orphan inodes deleted
[   83.710729] EXT4-fs (sda1): recovery complete
[   83.780973] EXT4-fs (sda1): mounted filesystem with ordered data mode. Opts: (null)
done.
Begin: Running /scripts/local-bottom ... done.
Begin: Running /scripts/init-bottom ... done.
[   84.035629] systemd]:ysmd29unng in system mode. (+PAM +AUDIT +SELINUX +IMA +APPARMOR +SMACK +SYSVINIT +UTMP +LIBCRYPTSETUP +GCRYPT +GNUTLS +ACL +XZ -LZ4 +SECCOMP +BLKID +ELFUTILS +KMOD -IDN)
[   84.611742] systemd[1]: Detected virtualization oracle.
[   84.650478] systemd[1]: Detected architecture x86.

Welcome to [1mUbuntu 16.04.1 LTS[0m!

[ 84195]ysem[1]: Se htne  <un-xia.
[   85.513927] systemd[1]: Listening on Journal Socket (/dev/log).
[[0;32m  OK  [0m] Listening on Journal Socket (/dev/log).
[ 85.703298] stemd[1: t  atomontrbray ecutblFi Fmats Fe st Atomount Point.
[[0;32m  OK  [0m] Set up automount Arbitrary Executab...ats File System Automount Point.
[ 86944] ysted[]:Reached taetseanGrp meooups.
[[0;32m  OK  [0m] Reached target User and Group Name Lookups.
[ 874674systmd]:tate Fwa PswrdReues  Wl iretoy tch.
[[0;32m  OK  [0m] Started Forward Password Requests to Wall Directory Watch.
[ 88941] ste[1 Ltengn yslog ck.
[[0;32m  OK  [0m] Listening on Syslog Socket.
[ 89471]ysemd[1]: Listeningoneve-pp eventaen FOs.
[[0;32m  OK  [0m] Listening on Device-mapper event daemon FIFOs.
[ 89.908] std[: isni on Journa Ske
[[0;32m  OK  [0m] Listening on Journal Socket.
[   90.5257] systd[1] Ltengn evControl Socket.
[[0;32m  OK  [0m] Listening on udev Control Socket.
[ 910153syem[1 LstningonVM pl em socket

[[0;32m  OK  [0m] Listening on LVM2 poll daemon socket.
[   91.738284] systemd[1]: Listeng  uv rnl Socket.
[[0;32m  OK  [0m] Listening on udev Kernel Socket.
[  9.0874]ysmd1]Reached trgt EncrptedVome
[[0;32m  OK  [0m] Reached target Encrypted Volumes.
[ 92636]ysmd1]: Listeningonoualud Sck.
[[0;32m  OK  [0m] Listening on Journal Audit Socket.
[   93.354 sstmd[1]Litening on /dv/ittl mpatiltyam Ppe

[[0;32m  OK  [0m] Listening on /dev/initctl Compatibility Named Pipe.
[   94.13891]syem1]Reached targetSw.
[[0;32m  OK  [0m] Reached target Swap.
[  94.5301] system[1: Crat sceysm lice
[[0;32m  OK  [0m] Created slice System Slice.
[   95.062211] systemd[1]: Mounting Debug File System...
[   95.133442] random: nonblocking pool is initialized
         Mounting Debug File System...
[   95.270584] systemd[1]: Starting Set console keymap...
         Starting Set console keymap...
[   95.394662] systemd[1]: Starting Uncomplicated firewall...
         Starting Uncomplicated firewall...
[   95.530547] systemd[1]: Starting Remount Root and Kernel File Systems...
[   95.534405] EXT4-fs (sda1): re-mounted. Opts: (null)
         Starting Remount Root and Kernel File Systems...
[   95.766470] systemd[1]: Starting Journal Service...
         Starting Journal Service...
[   95.810965] systemd[1]: Created slice system-serial\x2dgetty.slice.
[[0;32m  OK  [0m] Created slice system-serial\x2dgetty.slice.
[   95.902499] systemd[1]: Starting Create list of required static device nodes for the current kernel...
         Starting Create list of required st... nodes for the current kernel...
[   96.006185] systemd[1]: Starting Nameserver information manager...
         Starting Nameserver information manager...
[   96.122428] systemd[1]: Mounting POSIX Message Queue File System...
         Mounting POSIX Message Queue File System...
[   96.218485] systemd[1]: Mounting Huge Pages File System...
         Mounting Huge Pages File System...
[   96.378446] systemd[1]: Starting Load Kernel Modules...
[   96.399231] Loading iSCSI transport class v2.0-870.
         Starting Load Kernel Mo[   97.480480] iscsi: registered transport (tcp)
dules...
[   97.583359] systemd[1]: Listening on LVM2 metadata daemon socket.
[[0;32m  OK  [0m] Listening on LVM2 metadata d[   97.697075] iscsi: registered transport (iser)
aemon socket.
[   97.802339] systemd[1]: Starting Monitoring of LVM2 mirrors, snapshots etc. using dmeventd or progress polling...
         Starting Monitoring of LVM2 mirrors... dmeventd or progress polling...
[   97.947120] systemd[1]: Created slice User and Session Slice.
[[0;32m  OK  [0m] Created slice User and Session Slice.
[   98.022201] systemd[1]: Reached target Slices.
[[0;32m  OK  [0m] Reached target Slices.
[   98.062975] systemd[1]: Mounted Huge Pages File System.
[[0;32m  OK  [0m] Mounted Huge Pages File System.
[   98.204864] systemd[1]: Mounted POSIX Message Queue File System.
[[0;32m  OK  [0m] Mounted POSIX Message Queue File System.
[   98.362674] systemd[1]: Mounted Debug File System.
[[0;32m  OK  [0m] Mounted Debug File System.
[   98.498348] systemd[1]: Started Journal Service.
[[0;32m  OK  [0m] Started Journal Service.
[[0;32m  OK  [0m] Started Set console keymap.
[[0;32m  OK  [0m] Started Uncomplicated firewall.
[[0;32m  OK  [0m] Started Remount Root and Kernel File Systems.
[[0;32m  OK  [0m] Started Create list of required sta...ce nodes for the current kernel.
[[0;32m  OK  [0m] Started Load Kernel Modules.
[[0;32m  OK  [0m] Started Nameserver information manager.
[[0;32m  OK  [0m] Started LVM2 metadata daemon.
         Starting Apply Kernel Variables...
         Mounting FUSE Control File System...
         Starting Create Static Device Nodes in /dev...
         Starting Load/Save Random Seed...
         Starting Initial cloud-init job (pre-networking)...
         Starting udev Coldplug all Devices...
         Starting Flush Journal to Persistent Storage...
[[0;32m  OK  [0m] Mounted FUSE Control File System.
[[0;32m  OK  [0m] Started Apply Kernel Variables.
[[0;32m  OK  [0m] Started Create Static Device Nodes in /dev.
[[0;32m  OK  [0m] Started Load/Save Random Seed.
[[0;32m  OK  [0m] Started Flush Journal to Persistent Storage.
[[0;32m  OK  [0m] Started Monitoring of LVM2 mirrors,...ng dmeventd or progress polling.
[[0;32m  OK  [0m] Started udev Coldplug all Devices.
         Starting udev Kernel Device Manager...
[[0;32m  OK  [0m] Started udev Kernel Device Manager.
[[0;32m  OK  [0m] Started Dispatch Password Requests to Console Directory Watch.
[[0;32m  OK  [0m] Reached target Local File Systems (Pre).
[[0;32m  OK  [0m] Reached target Local File Systems.
         Starting Create Volatile Files and Directories...
         Starting Tell Plymouth To Write Out Runtime Data...
         Starting LSB: AppArmor initialization...
         Starting Set console font and keymap...
[[0;32m  OK  [0m] Started Create Volatile Files and Directories.
[[0;32m  OK  [0m] Started Tell Plymouth To Write Out Runtime Data.
[[0;32m  OK  [0m] Started Set console font and keymap.
[   58.759002] cloud-init[449]: Cloud-init v. 0.7.8 running 'init-local' at Wed, 10 May 2017 11:06:19 +0000. Up 58.35 seconds.
[[0;32m  OK  [0m] Found device /dev/ttyS0.
[[0;32m  OK  [0m] Started LSB: AppArmor initialization.
[[0;32m  OK  [0m] Started Initial cloud-init job (pre-networking).
[[0;32m  OK  [0m] Listening on Load/Save RF Kill Switch Status /dev/rfkill Watch.
[[0;32m  OK  [0m] Reached target Network (Pre).
         Starting Raise network interfaces...
[[0;32m  OK  [0m] Started ifup for enp0s3.
[[0;32m  OK  [0m] Created slice system-getty.slice.
[[0;32m  OK  [0m] Reached target System Time Synchronized.
         Starting Update UTMP about System Boot/Shutdown...
[[0;32m  OK  [0m] Started Update UTMP about System Boot/Shutdown.
[[0;32m  OK  [0m] Started Raise network interfaces.
[[0;32m  OK  [0m] Reached target Network.
         Starting Initial cloud-init job (metadata service crawler)...
[   62.226620] cloud-init[956]: Cloud-init v. 0.7.8 running 'init' at Wed, 10 May 2017 11:06:23 +0000. Up 61.84 seconds.
[[0;32m  OK  [0m] Started Initial cloud-init job (metadata service crawler).
[   62.285302] cloud-init[956]: ci-info: +++++++++++++++++++++++++++++++++++++Net device info+++++++++++++++++++++++++++++++++++++
[   62.408702] [cloud-init[0;32m  OK  [0m[956]: ] ci-info: +--------+------+---------------------------+---------------+-------+-------------------+Reached target System Initialization.

[   62.560843] [cloud-init[0;32m  OK  [0m[956]: ] ci-info: | Device |  Up  |          Address          |      Mask     | Scope |     Hw-Address    |Started ACPI Events Check.

[[0;32m  OK  [0m] Listening on ACPID Listen Socket.
[[0;32m  OK  [0m] Started Trigger resolvconf update for networkd DNS.
[   62.561464] cloud-init[956]: ci-info: +--------+------+---------------------------+---------------+-------+-------------------+
[   62.849035] [cloud-init[0;32m  OK  [0m[956]: ] ci-info: | enp0s3 | True |         10.0.2.15         | 255.255.255.0 |   .   | 02:ba:9d:25:04:86 |Reached target Paths.

[   62.849845] cloud-init[956]: ci-info: | enp0s3 | True | fe80::ba:9dff:fe25:486/64 |       .       |  link | 02:ba:9d:25:04:86 |
[   63.001662]          cloud-initStarting LXD - unix socket.[956]: 
ci-info: |   lo   | True |         127.0.0.1         |   255.0.0.0   |   .   |         .         |
[   63.120763] cloud-init[956]: ci-info: |   lo   | True |          ::1/128          |       .       |  host |         .         |
[[0;32m  OK  [0m] Started Daily apt activities.
         Starting Socket activation for snappy daemon.
[[0;32m  OK  [0m] Started Daily Cleanup of Temporary Directories.
[[0;32m  OK  [0m] Listening on UUID daemon activation socket.
[[0;32m  OK  [0m] Started Timer to automatically refresh installed snaps.
[   63.121630] cloud-init[956]: ci-info: +--------+------+---------------------------+---------------+-------+-------------------+
[   63.474655] [[0;32m  OK  [0m] Reached target Timers.
[[0;32m  OK  [0m] Listening on D-Bus System Message Bus Socket.
[[0;32m  OK  [0m] Reached target Cloud-config availability.
[[0;32m  OK  [0m] Reached target Network is Online.
cloud-init[956]: ci-info: +++++++++++++++++++++++++++Route IPv4 info++++++++++++++++++++++++++++
[   63.596581]          cloud-initStarting iSCSI initiator daemon (iscsid)...[956]: 
ci-info: +-------+-------------+----------+---------------+-----------+-------+
[   63.681407] [cloud-init[0;32m  OK  [0m[956]: ] ci-info: | Route | Destination | Gateway  |    Genmask    | Interface | Flags |Listening on LXD - unix socket.

[[0;32m  OK  [0m] Listening on Socket activation for snappy daemon.
[   63.681729] cloud-init[956]: ci-info: +-------+-------------+----------+---------------+-----------+-------+
[[0;32m  OK  [0m] Started iSCSI initiator daemon (iscsid).
[   63.737020] cloud-init[956]: ci-info: |   0   |   0.0.0.0   | 10.0.2.2 |    0.0.0.0    |   enp0s3  |   UG  |
[   63.824708] cloud-init[956]: ci-info: |   1   |   10.0.2.0  | 0.0.0.0  | 255.255.255.0 |   enp0s3  |   U   |
         Starting Login to default iSCSI targets...[   63.872984] cloud-init[956]: ci-info: +-------+-------------+----------+---------------+-----------+-------+

[[0;32m  OK  [0m] Reached target Sockets.
[[0;32m  OK  [0m] Reached target Basic System.
         Starting Apply the settings specified in cloud-config...
         Starting Login Service...
[[0;32m  OK  [0m] Started FUSE filesystem for LXC.
[[0;32m  OK  [0m] Started Regular background program processing daemon.
[[0;32m  OK  [0m] Started Snappy daemon.
         Starting /etc/rc.local Compatibility...
         Starting Accounts Service...
         Starting System Logging Service...
[[0;32m  OK  [0m] Started ACPI event daemon.
         Starting LSB: Record successful boot for GRUB...
[[0;32m  OK  [0m] Started Deferred execution scheduler.
         Starting LSB: MD monitoring daemon...
[[0;32m  OK  [0m] Started D-Bus System Message Bus.
         Starting Auto import assertions from block devices...
         Starting OpenBSD Secure Shell server...
         Starting LXD - container startup/shutdown...
[[0;32m  OK  [0m] Started System Logging Service.
[[0;32m  OK  [0m] Started OpenBSD Secure Shell server.
[[0;32m  OK  [0m] Started Apply the settings specified in cloud-config.
[   64.641066] cloud-init[1013]: Cloud-init v. 0.7.8 running 'modules:config' at Wed, 10 May 2017 11:06:25 +0000. Up 64.46 seconds.
[[0;32m  OK  [0m] Started /etc/rc.local Compatibility.
[[0;32m  OK  [0m] Started Auto import assertions from block devices.
[[0;32m  OK  [0m] Started LXD - container startup/shutdown.
[[0;32m  OK  [0m] Started Login to default iSCSI targets.
[[0;32m  OK  [0m] Started LSB: Record successful boot for GRUB.
[[0;32m  OK  [0m] Started LSB: MD monitoring daemon.
[[0;32m  OK  [0m] Started Login Service.
         Starting Authenticate and Authorize Users to Run Privileged Tasks...
[[0;32m  OK  [0m] Reached target Remote File Systems (Pre).
[[0;32m  OK  [0m] Reached target Remote File Systems.
         Starting LSB: automatic crash report generation...
         Starting LSB: daemon to balance interrupts for SMP systems...
         Starting LSB: Set the CPU Frequency Scaling governor to "ondemand"...
         Starting Permit User Sessions...
         Starting LSB: VirtualBox Linux Additions...
         Starting LSB: No Display Manager...
[[0;32m  OK  [0m] Started Permit User Sessions.
[[0;32m  OK  [0m] Started Authenticate and Authorize Users to Run Privileged Tasks.
[[0;32m  OK  [0m] Started Accounts Service.
[[0;32m  OK  [0m] Started LSB: Set the CPU Frequency Scaling governor to "ondemand".
[[0;32m  OK  [0m] Started LSB: automatic crash report generation.
[[0;32m  OK  [0m] Started LSB: daemon to balance interrupts for SMP systems.
[[0;32m  OK  [0m] Started LSB: No Display Manager.
[[0;32m  OK  [0m] Created slice User Slice of ubuntu.
[[0;32m  OK  [0m] Started Session 1 of user ubuntu.
         Starting User Manager for UID 1000...
         Starting Terminate Plymouth Boot Screen...
         Starting Hold until boot process finishes up...
[[0;32m  OK  [0m] Started User Manager for UID 1000.
[[0;32m  OK  [0m] Started LSB: VirtualBox Linux Additions.
[[0;32m  OK  [0m] Started Terminate Plymouth Boot Screen.
[[0;32m  OK  [0m] Started Hold until boot process finishes up.
[[0;32m  OK  [0m] Started Getty on tty1.
[[0;32m  OK  [0m] Started Serial Getty on ttyS0.
[[0;32m  OK  [0m] Reached target Login Prompts.
         Starting Set console scheme...
[[0;32m  OK  [0m] Reached target Multi-User System.
[[0;32m  OK  [0m] Reached target Graphical Interface.
         Starting Update UTMP about System Runlevel Changes...
         Starting Execute cloud user/final scripts...
[[0;32m  OK  [0m] Started Set console scheme.
[[0;32m  OK  [0m] Started Update UTMP about System Runlevel Changes.
[   66.947553] cloud-init[1216]: Cloud-init v. 0.7.8 running 'modules:final' at Wed, 10 May 2017 11:06:27 +0000. Up 66.61 seconds.
[   67.112424] [cloud-init[0;32m  OK  [0m[1216]: ] Cloud-init v. 0.7.8 finished at Wed, 10 May 2017 11:06:28 +0000. Datasource DataSourceNoCloud [seed=/dev/sdb][dsmode=net].  Up 66.93 secondsStarted Execute cloud user/final scripts.

[[0;32m  OK  [0m] Started Session c1 of user ubuntu.
[[0;32m  OK  [0m] Reached target Cloud-init target.

Ubuntu 16.04.1 LTS ubuntu-xenial ttyS0

ubuntu-xenial login: 